<?xml version="1.0" encoding="UTF-8"?>
<!-- Generated by org.testng.reporters.JUnitReportReporter -->
<testsuite hostname="10758-LAP-0443" failures="0" tests="1" name="AyeshaMulla.tests.ErrorValidationsTest" time="6.461" errors="0" timestamp="2023-09-19T17:04:43 IST" skipped="0">
  <testcase classname="AyeshaMulla.tests.ErrorValidationsTest" name="LoginErrorValidations" time="6.461"/>
</testsuite> <!-- AyeshaMulla.tests.ErrorValidationsTest -->
