<?xml version="1.0" encoding="UTF-8"?>
<!-- Generated by org.testng.reporters.JUnitReportReporter -->
<testsuite hostname="10758-LAP-0443" failures="0" tests="1" name="AyeshaMulla.tests.ErrorValidations" time="6.368" errors="0" timestamp="2023-09-11T16:33:57 IST" skipped="0">
  <testcase classname="AyeshaMulla.tests.ErrorValidations" name="SubmitOrder" time="6.368"/>
</testsuite> <!-- AyeshaMulla.tests.ErrorValidations -->
